<?xml version="1.0" encoding="UTF-8"?>
<!-- Generated by org.testng.reporters.JUnitXMLReporter -->
<testsuite ignored="0" hostname="ritik-Latitude-3410" failures="0" tests="3" name="Default test" time="0.591" errors="0" timestamp="2022-01-14T18:42:00 IST">
  <testcase classname="Mobile.TestLogin" name="@BeforeSuite initializeDriver" time="-1.642165920112E9">
    <failure type="org.testng.TestNGException" message="
Parameter &amp;apos;Environment&amp;apos; is required by BeforeSuite on method initializeDriver but has not been marked @Optional or defined
in /tmp/testng-eclipse--1420238003/testng-customsuite.xml">
      <![CDATA[org.testng.TestNGException: 
Parameter 'Environment' is required by BeforeSuite on method initializeDriver but has not been marked @Optional or defined
in /tmp/testng-eclipse--1420238003/testng-customsuite.xml
at org.testng.internal.Parameters.createParams(Parameters.java:270)
at org.testng.internal.Parameters.createParametersForMethod(Parameters.java:358)
at org.testng.internal.Parameters.createParameters(Parameters.java:700)
at org.testng.internal.Parameters.createConfigurationParameters(Parameters.java:168)
at org.testng.internal.ConfigInvoker.invokeConfigurations(ConfigInvoker.java:302)
at org.testng.SuiteRunner.privateRun(SuiteRunner.java:317)
at org.testng.SuiteRunner.run(SuiteRunner.java:276)
at org.testng.SuiteRunnerWorker.runSuite(SuiteRunnerWorker.java:53)
at org.testng.SuiteRunnerWorker.run(SuiteRunnerWorker.java:96)
at org.testng.TestNG.runSuitesSequentially(TestNG.java:1212)
at org.testng.TestNG.runSuitesLocally(TestNG.java:1134)
at org.testng.TestNG.runSuites(TestNG.java:1063)
at org.testng.TestNG.run(TestNG.java:1031)
at org.testng.remote.AbstractRemoteTestNG.run(AbstractRemoteTestNG.java:115)
at org.testng.remote.RemoteTestNG.initAndRun(RemoteTestNG.java:251)
at org.testng.remote.RemoteTestNG.main(RemoteTestNG.java:77)
]]>
    </failure>
  </testcase> <!-- @BeforeSuite initializeDriver -->
  <testcase classname="Mobile.TestLogin" name="@BeforeMethod initializeAssertions" time="-1.64216592017E9">
    <skipped/>
  </testcase> <!-- @BeforeMethod initializeAssertions -->
  <testcase classname="Mobile.TestLogin" name="@AfterMethod AssertAll" time="-1.642165920181E9">
    <skipped/>
  </testcase> <!-- @AfterMethod AssertAll -->
  <testcase classname="Mobile.TestLogin" name="selectCountry" time="0.0">
    <skipped/>
  </testcase> <!-- selectCountry -->
  <testcase classname="Mobile.TestLogin" name="loginAppcoa" time="0.0">
    <skipped/>
  </testcase> <!-- loginAppcoa -->
  <testcase classname="Mobile.TestLogin" name="EpmpStartButtonCheck" time="0.0">
    <skipped/>
  </testcase> <!-- EpmpStartButtonCheck -->
</testsuite> <!-- Default test -->
